<?xml version="1.0" encoding="UTF-8"?>
<!-- Generated by org.testng.reporters.JUnitXMLReporter -->
<testsuite ignored="9" hostname="LAPTOP-7KH0P1KU" failures="0" tests="1" name="Default test" time="12.371" errors="0" timestamp="2025-07-29T01:42:09 IST">
  <testcase classname="veer.selenium.selenium.BaseT" name="EACCOverview" time="11.991"/>
  <testcase classname="veer.selenium.selenium.BaseT" name="DupAcc" time="0.0">
    <ignored/>
  </testcase> <!-- DupAcc -->
  <testcase classname="veer.selenium.selenium.BaseT" name="Billpayee" time="0.0">
    <ignored/>
  </testcase> <!-- Billpayee -->
  <testcase classname="veer.selenium.selenium.BaseT" name="DLoginPassMask" time="0.0">
    <ignored/>
  </testcase> <!-- DLoginPassMask -->
  <testcase classname="veer.selenium.selenium.BaseT" name="BInCorrPass" time="0.0">
    <ignored/>
  </testcase> <!-- BInCorrPass -->
  <testcase classname="veer.selenium.selenium.BaseT" name="ARegistrUser" time="0.0">
    <ignored/>
  </testcase> <!-- ARegistrUser -->
  <testcase classname="veer.selenium.selenium.BaseT" name="CLoginFieldBlank" time="0.0">
    <ignored/>
  </testcase> <!-- CLoginFieldBlank -->
  <testcase classname="veer.selenium.selenium.BaseT" name="transferFund" time="0.0">
    <ignored/>
  </testcase> <!-- transferFund -->
  <testcase classname="veer.selenium.selenium.BaseT" name="AppLyLoan" time="0.0">
    <ignored/>
  </testcase> <!-- AppLyLoan -->
  <testcase classname="veer.selenium.selenium.BaseT" name="UpdateContactsSuccess" time="0.0">
    <ignored/>
  </testcase> <!-- UpdateContactsSuccess -->
</testsuite> <!-- Default test -->
