<?xml version="1.0" encoding="UTF-8"?>
<!-- Generated by org.testng.reporters.JUnitXMLReporter -->
<testsuite ignored="0" hostname="LAPTOP-7KH0P1KU" failures="1" tests="3" name="Test" time="98.585" errors="0" timestamp="2025-02-08T08:44:08 IST">
  <testcase classname="veer.selenium.selenium.BaseT" name="ARegistrUser" time="10.272"/>
  <testcase classname="veer.selenium.selenium.BaseT" name="BInCorrPass" time="9.686">
    <failure type="java.lang.AssertionError" message="expected [The username and password could not be verified.] but found []">
      <![CDATA[java.lang.AssertionError: expected [The username and password could not be verified.] but found []
at veer.selenium.selenium.BaseT.BInCorrPass(BaseT.java:42)
at java.base/java.util.ArrayList.forEach(ArrayList.java:1511)
... Removed 33 stack frames]]>
    </failure>
  </testcase> <!-- BInCorrPass -->
  <testcase classname="veer.selenium.selenium.BaseT" name="CLoginFieldBlank" time="7.904"/>
</testsuite> <!-- Test -->
