<?xml version="1.0" encoding="UTF-8"?>
<testng-results ignored="0" total="4" passed="4" failed="0" skipped="0">
  <reporter-output>
  </reporter-output>
  <suite started-at="2025-02-08T02:23:30 IST" name="Suite" finished-at="2025-02-08T02:24:01 IST" duration-ms="31228">
    <groups>
    </groups>
    <test started-at="2025-02-08T02:23:30 IST" name="Test" finished-at="2025-02-08T02:24:01 IST" duration-ms="31228">
      <class name="veer.selenium.selenium.BaseT">
        <test-method signature="ARegistrUser()[pri:0, instance:veer.selenium.selenium.BaseT@67304a40]" started-at="2025-02-08T02:23:30 IST" name="ARegistrUser" finished-at="2025-02-08T02:23:38 IST" duration-ms="8231" status="PASS">
          <reporter-output>
          </reporter-output>
        </test-method> <!-- ARegistrUser -->
        <test-method signature="BInCorrPass()[pri:0, instance:veer.selenium.selenium.BaseT@67304a40]" started-at="2025-02-08T02:23:39 IST" name="BInCorrPass" finished-at="2025-02-08T02:23:49 IST" duration-ms="10403" status="PASS">
          <reporter-output>
          </reporter-output>
        </test-method> <!-- BInCorrPass -->
        <test-method signature="CLoginFieldBlank()[pri:0, instance:veer.selenium.selenium.BaseT@67304a40]" started-at="2025-02-08T02:23:49 IST" name="CLoginFieldBlank" finished-at="2025-02-08T02:23:54 IST" duration-ms="4643" status="PASS">
          <reporter-output>
          </reporter-output>
        </test-method> <!-- CLoginFieldBlank -->
        <test-method signature="DLoginPassMask()[pri:0, instance:veer.selenium.selenium.BaseT@67304a40]" started-at="2025-02-08T02:23:54 IST" name="DLoginPassMask" finished-at="2025-02-08T02:24:01 IST" duration-ms="6985" status="PASS">
          <reporter-output>
          </reporter-output>
        </test-method> <!-- DLoginPassMask -->
      </class> <!-- veer.selenium.selenium.BaseT -->
    </test> <!-- Test -->
  </suite> <!-- Suite -->
</testng-results>
