<?xml version="1.0" encoding="UTF-8"?>
<testng-results ignored="0" total="1" passed="1" failed="0" skipped="0">
  <reporter-output>
  </reporter-output>
  <suite started-at="2025-07-20T15:29:11 IST" name="Default suite" finished-at="2025-07-20T15:29:25 IST" duration-ms="13107">
    <groups>
    </groups>
    <test started-at="2025-07-20T15:29:11 IST" name="Default test" finished-at="2025-07-20T15:29:25 IST" duration-ms="13107">
      <class name="veer.selenium.selenium.BaseT">
        <test-method signature="Billpayee()[pri:0, instance:veer.selenium.selenium.BaseT@4278284b]" started-at="2025-07-20T15:29:12 IST" name="Billpayee" finished-at="2025-07-20T15:29:24 IST" duration-ms="12460" status="PASS">
          <reporter-output>
          </reporter-output>
        </test-method> <!-- Billpayee -->
        <test-method is-config="true" signature="closeBrowser()[pri:0, instance:veer.selenium.selenium.BaseT@4278284b]" started-at="2025-07-20T15:29:24 IST" name="closeBrowser" finished-at="2025-07-20T15:29:25 IST" duration-ms="281" status="PASS">
          <reporter-output>
          </reporter-output>
        </test-method> <!-- closeBrowser -->
      </class> <!-- veer.selenium.selenium.BaseT -->
    </test> <!-- Default test -->
  </suite> <!-- Default suite -->
</testng-results>
